--------------------------------------------------------------------------------
Release 14.7 Trace  (nt64)
Copyright (c) 1995-2013 Xilinx, Inc.  All rights reserved.

C:\Xilinx\14.7\ISE_DS\ISE\bin\nt64\unwrapped\trce.exe -intstyle ise -o
kadai5.twr -v 30 -l 30 kadai5_routed.ncd kadai5.pcf

Design file:              kadai5_routed.ncd
Physical constraint file: kadai5.pcf
Device,package,speed:     xc6slx16,csg324,C,-3 (PRODUCTION 1.23 2013-10-13)
Report level:             verbose report, limited to 30 items per constraint

Environment Variable      Effect 
--------------------      ------ 
NONE                      No environment variables were set
--------------------------------------------------------------------------------

INFO:Timing:2698 - No timing constraints found, doing default enumeration.
INFO:Timing:3412 - To improve timing, see the Timing Closure User Guide (UG612).
INFO:Timing:2752 - To get complete path coverage, use the unconstrained paths 
   option. All paths that are not constrained will be reported in the 
   unconstrained paths section(s) of the report.
INFO:Timing:3339 - The clock-to-out numbers in this timing report are based on 
   a 50 Ohm transmission line loading model.  For the details of this model, 
   and for more information on accounting for different loading conditions, 
   please see the device datasheet.



Data Sheet report:
-----------------
All values displayed in nanoseconds (ns)

Pad to Pad
---------------+---------------+---------+
Source Pad     |Destination Pad|  Delay  |
---------------+---------------+---------+
SW[0]          |SEL_DATA[0]    |    7.784|
SW[0]          |SEL_DATA[1]    |    7.813|
SW[0]          |SEL_DATA[2]    |    7.738|
SW[0]          |SEL_DATA[3]    |    7.722|
SW[0]          |SEL_DATA[4]    |    7.163|
SW[0]          |SEL_DATA[5]    |    7.451|
SW[0]          |SEL_DATA[6]    |    7.243|
SW[1]          |SEL_DATA[0]    |    8.024|
SW[1]          |SEL_DATA[1]    |    8.218|
SW[1]          |SEL_DATA[2]    |    8.208|
SW[1]          |SEL_DATA[3]    |    7.962|
SW[1]          |SEL_DATA[4]    |    7.590|
SW[1]          |SEL_DATA[5]    |    7.856|
SW[1]          |SEL_DATA[6]    |    7.670|
SW[2]          |SEL_DATA[0]    |    7.855|
SW[2]          |SEL_DATA[1]    |    8.178|
SW[2]          |SEL_DATA[2]    |    7.793|
SW[2]          |SEL_DATA[3]    |    7.793|
SW[2]          |SEL_DATA[4]    |    7.588|
SW[2]          |SEL_DATA[5]    |    7.816|
SW[2]          |SEL_DATA[6]    |    7.668|
SW[3]          |SEL_DATA[0]    |    7.805|
SW[3]          |SEL_DATA[1]    |    8.022|
SW[3]          |SEL_DATA[2]    |    7.919|
SW[3]          |SEL_DATA[3]    |    7.743|
SW[3]          |SEL_DATA[4]    |    7.410|
SW[3]          |SEL_DATA[5]    |    7.660|
SW[3]          |SEL_DATA[6]    |    7.490|
---------------+---------------+---------+


Analysis completed MON 24 OCT 16:1:53 2022 
--------------------------------------------------------------------------------

Trace Settings:
-------------------------
Trace Settings 

Peak Memory Usage: 4554 MB



