--------------------------------------------------------------------------------
Release 14.7 Trace  (nt64)
Copyright (c) 1995-2013 Xilinx, Inc.  All rights reserved.

C:\Xilinx\14.7\ISE_DS\ISE\bin\nt64\unwrapped\trce.exe -intstyle ise -o
kadai3.twr -v 30 -l 30 kadai3_routed.ncd kadai3.pcf

Design file:              kadai3_routed.ncd
Physical constraint file: kadai3.pcf
Device,package,speed:     xc6slx16,csg324,C,-3 (PRODUCTION 1.23 2013-10-13)
Report level:             verbose report, limited to 30 items per constraint

Environment Variable      Effect 
--------------------      ------ 
NONE                      No environment variables were set
--------------------------------------------------------------------------------

INFO:Timing:2698 - No timing constraints found, doing default enumeration.
INFO:Timing:3412 - To improve timing, see the Timing Closure User Guide (UG612).
INFO:Timing:2752 - To get complete path coverage, use the unconstrained paths 
   option. All paths that are not constrained will be reported in the 
   unconstrained paths section(s) of the report.
INFO:Timing:3339 - The clock-to-out numbers in this timing report are based on 
   a 50 Ohm transmission line loading model.  For the details of this model, 
   and for more information on accounting for different loading conditions, 
   please see the device datasheet.



Data Sheet report:
-----------------
All values displayed in nanoseconds (ns)

Pad to Pad
---------------+---------------+---------+
Source Pad     |Destination Pad|  Delay  |
---------------+---------------+---------+
A[0]           |S[0]           |    7.741|
A[0]           |S[1]           |    7.788|
A[0]           |S[2]           |    7.553|
A[0]           |S[3]           |    7.488|
A[0]           |S[4]           |    6.994|
A[1]           |S[1]           |    8.048|
A[1]           |S[2]           |    7.693|
A[1]           |S[3]           |    7.963|
A[1]           |S[4]           |    7.469|
A[2]           |S[2]           |    7.201|
A[2]           |S[3]           |    7.649|
A[2]           |S[4]           |    7.155|
A[3]           |S[3]           |    7.684|
A[3]           |S[4]           |    7.190|
B[0]           |S[0]           |    7.388|
B[0]           |S[1]           |    7.435|
B[0]           |S[2]           |    7.332|
B[0]           |S[3]           |    8.056|
B[0]           |S[4]           |    7.562|
B[1]           |S[1]           |    7.868|
B[1]           |S[2]           |    7.284|
B[1]           |S[3]           |    7.976|
B[1]           |S[4]           |    7.482|
B[2]           |S[2]           |    7.209|
B[2]           |S[3]           |    7.904|
B[2]           |S[4]           |    7.410|
B[3]           |S[3]           |    7.233|
B[3]           |S[4]           |    6.739|
---------------+---------------+---------+


Analysis completed MON 24 OCT 15:6:27 2022 
--------------------------------------------------------------------------------

Trace Settings:
-------------------------
Trace Settings 

Peak Memory Usage: 4553 MB



